Determining if the pthread_create exist failed with the following output:
Change Dir: /home/pi/mitra/build/CMakeFiles/CMakeTmp

Run Build Command:"/usr/bin/make" "cmTC_20311/fast"
/usr/bin/make -f CMakeFiles/cmTC_20311.dir/build.make CMakeFiles/cmTC_20311.dir/build
make[1]: Entering directory '/home/pi/mitra/build/CMakeFiles/CMakeTmp'
Building C object CMakeFiles/cmTC_20311.dir/CheckSymbolExists.c.o
/usr/bin/cc     -o CMakeFiles/cmTC_20311.dir/CheckSymbolExists.c.o   -c /home/pi/mitra/build/CMakeFiles/CMakeTmp/CheckSymbolExists.c
Linking C executable cmTC_20311
/usr/bin/cmake -E cmake_link_script CMakeFiles/cmTC_20311.dir/link.txt --verbose=1
/usr/bin/cc       CMakeFiles/cmTC_20311.dir/CheckSymbolExists.c.o  -o cmTC_20311 -rdynamic 
CMakeFiles/cmTC_20311.dir/CheckSymbolExists.c.o: In function `main':
CheckSymbolExists.c:(.text+0xe): undefined reference to `pthread_create'
CheckSymbolExists.c:(.text+0x12): undefined reference to `pthread_create'
collect2: error: ld returned 1 exit status
CMakeFiles/cmTC_20311.dir/build.make:97: recipe for target 'cmTC_20311' failed
make[1]: *** [cmTC_20311] Error 1
make[1]: Leaving directory '/home/pi/mitra/build/CMakeFiles/CMakeTmp'
Makefile:126: recipe for target 'cmTC_20311/fast' failed
make: *** [cmTC_20311/fast] Error 2

File /home/pi/mitra/build/CMakeFiles/CMakeTmp/CheckSymbolExists.c:
/* */
#include <pthread.h>

int main(int argc, char** argv)
{
  (void)argv;
#ifndef pthread_create
  return ((int*)(&pthread_create))[argc];
#else
  (void)argc;
  return 0;
#endif
}

Determining if the function pthread_create exists in the pthreads failed with the following output:
Change Dir: /home/pi/mitra/build/CMakeFiles/CMakeTmp

Run Build Command:"/usr/bin/make" "cmTC_1c2d5/fast"
/usr/bin/make -f CMakeFiles/cmTC_1c2d5.dir/build.make CMakeFiles/cmTC_1c2d5.dir/build
make[1]: Entering directory '/home/pi/mitra/build/CMakeFiles/CMakeTmp'
Building C object CMakeFiles/cmTC_1c2d5.dir/CheckFunctionExists.c.o
/usr/bin/cc    -DCHECK_FUNCTION_EXISTS=pthread_create   -o CMakeFiles/cmTC_1c2d5.dir/CheckFunctionExists.c.o   -c /usr/share/cmake-3.5/Modules/CheckFunctionExists.c
Linking C executable cmTC_1c2d5
/usr/bin/cmake -E cmake_link_script CMakeFiles/cmTC_1c2d5.dir/link.txt --verbose=1
/usr/bin/cc   -DCHECK_FUNCTION_EXISTS=pthread_create    CMakeFiles/cmTC_1c2d5.dir/CheckFunctionExists.c.o  -o cmTC_1c2d5 -rdynamic -lpthreads 
/usr/bin/ld: cannot find -lpthreads
collect2: error: ld returned 1 exit status
CMakeFiles/cmTC_1c2d5.dir/build.make:97: recipe for target 'cmTC_1c2d5' failed
make[1]: *** [cmTC_1c2d5] Error 1
make[1]: Leaving directory '/home/pi/mitra/build/CMakeFiles/CMakeTmp'
Makefile:126: recipe for target 'cmTC_1c2d5/fast' failed
make: *** [cmTC_1c2d5/fast] Error 2


